
Showing logs for build [32mcb-kubecd-environment-pr-187-22-7n677-1[0m stage [32mfrom-build-pack[0m and container [32mstep-credential-initializer-9wsd6[0m
{"level":"warn","ts":1585148683.3489282,"logger":"fallback-logger","caller":"logging/config.go:69","msg":"Fetch GitHub commit ID from kodata failed: \"ref: refs/heads/0.8.0-**-support-backwards-incompats\" is not a valid GitHub commit ID"}
{"level":"info","ts":1585148683.3498678,"logger":"fallback-logger","caller":"creds-init/main.go:40","msg":"Credentials initialized."}

Showing logs for build [32mcb-kubecd-environment-pr-187-22-7n677-1[0m stage [32mfrom-build-pack[0m and container [32mstep-working-dir-initializer-qfxgn[0m
{"level":"warn","ts":1585148684.6717737,"logger":"fallback-logger","caller":"logging/config.go:69","msg":"Fetch GitHub commit ID from kodata failed: open /var/run/ko/HEAD: no such file or directory"}
{"level":"info","ts":1585148684.674445,"logger":"fallback-logger","caller":"bash/main.go:64","msg":"Successfully executed command \"sh -c mkdir -p /workspace/source\"; output "}

Showing logs for build [32mcb-kubecd-environment-pr-187-22-7n677-1[0m stage [32mfrom-build-pack[0m and container [32mstep-place-tools[0m

Showing logs for build [32mcb-kubecd-environment-pr-187-22-7n677-1[0m stage [32mfrom-build-pack[0m and container [32mstep-git-source-cb-kubecd-environment-pr-187-22-7n677-jnv2g[0m
{"level":"warn","ts":1585148687.7830012,"logger":"fallback-logger","caller":"logging/config.go:69","msg":"Fetch GitHub commit ID from kodata failed: \"ref: refs/heads/0.8.0-**-support-backwards-incompats\" is not a valid GitHub commit ID"}
{"level":"info","ts":1585148688.8670914,"logger":"fallback-logger","caller":"git/git.go:103","msg":"Successfully cloned https://github.com/cb-kubecd/environment-pr-187-220-boot-vault-gke-staging.git @ master in path /workspace/source"}

Showing logs for build [32mcb-kubecd-environment-pr-187-22-7n677-1[0m stage [32mfrom-build-pack[0m and container [32mstep-git-merge[0m
Using SHAs from PULL_REFS=master:0ebb9fa8ecea3d8042989e05b20d76ea262530ff,2:a4636522b4338dbdd8549b832c0eb26e960f45e2
DEBUG: LC_ALL=C JX_LOG_LEVEL=error git fetch origin --unshallow a4636522b4338dbdd8549b832c0eb26e960f45e2: 0ebb9fa8ecea3d8042989e05b20d76ea262530ff:
DEBUG: ran git fetch --unshallow origin a4636522b4338dbdd8549b832c0eb26e960f45e2: 0ebb9fa8ecea3d8042989e05b20d76ea262530ff: in 
DEBUG: LC_ALL=C JX_LOG_LEVEL=error git branch
DEBUG: LC_ALL=C JX_LOG_LEVEL=error git checkout master
DEBUG: ran git checkout master in 
DEBUG: LC_ALL=C JX_LOG_LEVEL=error git reset --hard 0ebb9fa8ecea3d8042989e05b20d76ea262530ff
DEBUG: ran git reset --hard 0ebb9fa8ecea3d8042989e05b20d76ea262530ff in 
DEBUG: LC_ALL=C JX_LOG_LEVEL=error git clean -fd .
DEBUG: ran clean --force -d . in 
DEBUG: LC_ALL=C JX_LOG_LEVEL=error git merge a4636522b4338dbdd8549b832c0eb26e960f45e2
DEBUG: ran git merge a4636522b4338dbdd8549b832c0eb26e960f45e2 in 
DEBUG: JX_LOG_LEVEL=error LC_ALL=C git log --format=%H%x1f%an%x1f%ae%x1f%cn%x1f%ce%x1f%s%n%b%x1e 0ebb9fa8ecea3d8042989e05b20d76ea262530ff..HEAD
Merged SHA a4636522b4338dbdd8549b832c0eb26e960f45e2 with commit message 'chore: Promote bdd-nh-1585148350 to version 0.0.1' into base branch master

Showing logs for build [32mcb-kubecd-environment-pr-187-22-7n677-1[0m stage [32mfrom-build-pack[0m and container [32mstep-build-helm-build[0m
WARNING: No $CHART_REPOSITORY defined so using the default value of: http://jenkins-x-chartmuseum:8080
Adding missing Helm repo: storage.googleapis.com https://storage.googleapis.com/chartmuseum.jenkins-x.io
WARNING: No secrets found on "helm/repos" due: reading the secret "helm/repos" from vault: no secret "helm/repos" not found in vault
Read credentials for https://storage.googleapis.com/chartmuseum.jenkins-x.io from vault helm/repos
Successfully added Helm repository storage.googleapis.com.
Adding missing Helm repo: jenkins-x-chartmuseum http://jenkins-x-chartmuseum:8080
WARNING: No secrets found on "helm/repos" due: reading the secret "helm/repos" from vault: no secret "helm/repos" not found in vault
Read credentials for http://jenkins-x-chartmuseum:8080 from vault helm/repos
Successfully added Helm repository jenkins-x-chartmuseum.
WARNING: No $CHART_REPOSITORY defined so using the default value of: http://jenkins-x-chartmuseum:8080
Adding missing Helm repo: chartmuseum.jenkins-x.io http://chartmuseum.jenkins-x.io
WARNING: No secrets found on "helm/repos" due: reading the secret "helm/repos" from vault: no secret "helm/repos" not found in vault
Read credentials for http://chartmuseum.jenkins-x.io from vault helm/repos
Successfully added Helm repository chartmuseum.jenkins-x.io.
